<testsuites id="" name="" tests="108" failures="4" skipped="17" errors="0" time="153.55061500000022">
<testsuite name="complete-user-journey.spec.ts" timestamp="2026-01-23T16:14:58.082Z" hostname="chromium" tests="9" failures="1" skipped="0" time="127.216" errors="0">
<testcase name="Complete User Journey - Search to Results › should complete full search flow: type locations → search → see results" classname="complete-user-journey.spec.ts" time="18.057">
<failure message="complete-user-journey.spec.ts:5:3 should complete full search flow: type locations → search → see results" type="FAILURE">
<![CDATA[  [chromium] › complete-user-journey.spec.ts:5:3 › Complete User Journey - Search to Results › should complete full search flow: type locations → search → see results 

    Error: expect(locator).toBeVisible() failed

    Locator: locator('input[placeholder*="departure"]').first()
    Expected: visible
    Timeout: 10000ms
    Error: element(s) not found

    Call log:
      - Expect "toBeVisible" with timeout 10000ms
      - waiting for locator('input[placeholder*="departure"]').first()


      13 |     
      14 |     // Verify inputs are visible
    > 15 |     await expect(fromInput).toBeVisible({ timeout: 10000 });
         |                             ^
      16 |     await expect(toInput).toBeVisible({ timeout: 10000 });
      17 |     
      18 |     // Type locations
        at /Users/mchand69/Documents/perundhu/frontend/tests/e2e/complete-user-journey.spec.ts:15:29

    attachment #1: screenshot (image/png) ──────────────────────────────────────────────────────────
    ../../test-results/complete-user-journey-Comp-8b843-ions-→-search-→-see-results-chromium/test-failed-1.png
    ────────────────────────────────────────────────────────────────────────────────────────────────

    attachment #2: video (video/webm) ──────────────────────────────────────────────────────────────
    ../../test-results/complete-user-journey-Comp-8b843-ions-→-search-→-see-results-chromium/video.webm
    ────────────────────────────────────────────────────────────────────────────────────────────────

    Error Context: ../../test-results/complete-user-journey-Comp-8b843-ions-→-search-→-see-results-chromium/error-context.md
]]>
</failure>
<system-out>
<![CDATA[
[[ATTACHMENT|complete-user-journey-Comp-8b843-ions-→-search-→-see-results-chromium/test-failed-1.png]]

[[ATTACHMENT|complete-user-journey-Comp-8b843-ions-→-search-→-see-results-chromium/video.webm]]

[[ATTACHMENT|complete-user-journey-Comp-8b843-ions-→-search-→-see-results-chromium/error-context.md]]
]]>
</system-out>
</testcase>
<testcase name="Bus List Interactions › should expand bus row and show stops when clicked" classname="complete-user-journey.spec.ts" time="17.471">
</testcase>
<testcase name="Bus List Interactions › should show map with stops markers when bus is expanded" classname="complete-user-journey.spec.ts" time="17.176">
</testcase>
<testcase name="Sorting Features › should sort buses by different criteria" classname="complete-user-journey.spec.ts" time="17.485">
</testcase>
<testcase name="Sorting Features › should highlight active sort option" classname="complete-user-journey.spec.ts" time="17.137">
</testcase>
<testcase name="Edit Search and Refetch › should allow editing search and fetch new results" classname="complete-user-journey.spec.ts" time="16.855">
</testcase>
<testcase name="Additional User Scenarios › should handle no results gracefully" classname="complete-user-journey.spec.ts" time="5.827">
</testcase>
<testcase name="Additional User Scenarios › should filter buses by type if filter available" classname="complete-user-journey.spec.ts" time="11.526">
</testcase>
<testcase name="Additional User Scenarios › should show bus details like fare, duration, stops count" classname="complete-user-journey.spec.ts" time="5.682">
</testcase>
</testsuite>
<testsuite name="connectivity.spec.ts" timestamp="2026-01-23T16:14:58.082Z" hostname="chromium" tests="4" failures="1" skipped="0" time="25.075" errors="0">
<testcase name="Application Connectivity › should load the application successfully" classname="connectivity.spec.ts" time="4.552">
</testcase>
<testcase name="Application Connectivity › should display search inputs on homepage" classname="connectivity.spec.ts" time="6.294">
</testcase>
<testcase name="Application Connectivity › should allow user interactions" classname="connectivity.spec.ts" time="6.445">
</testcase>
<testcase name="Application Connectivity › should not have critical console errors" classname="connectivity.spec.ts" time="7.784">
<failure message="connectivity.spec.ts:43:3 should not have critical console errors" type="FAILURE">
<![CDATA[  [chromium] › connectivity.spec.ts:43:3 › Application Connectivity › should not have critical console errors 

    Error: expect(received).toBe(expected) // Object.is equality

    Expected: 0
    Received: 3

      60 |     );
      61 |     
    > 62 |     expect(criticalErrors.length).toBe(0);
         |                                   ^
      63 |   });
      64 | });
      65 |
        at /Users/mchand69/Documents/perundhu/frontend/tests/e2e/connectivity.spec.ts:62:35

    attachment #1: screenshot (image/png) ──────────────────────────────────────────────────────────
    ../../test-results/connectivity-Application-C-c1ad1-ave-critical-console-errors-chromium/test-failed-1.png
    ────────────────────────────────────────────────────────────────────────────────────────────────

    attachment #2: video (video/webm) ──────────────────────────────────────────────────────────────
    ../../test-results/connectivity-Application-C-c1ad1-ave-critical-console-errors-chromium/video.webm
    ────────────────────────────────────────────────────────────────────────────────────────────────

    Error Context: ../../test-results/connectivity-Application-C-c1ad1-ave-critical-console-errors-chromium/error-context.md
]]>
</failure>
<system-out>
<![CDATA[
[[ATTACHMENT|connectivity-Application-C-c1ad1-ave-critical-console-errors-chromium/test-failed-1.png]]

[[ATTACHMENT|connectivity-Application-C-c1ad1-ave-critical-console-errors-chromium/video.webm]]

[[ATTACHMENT|connectivity-Application-C-c1ad1-ave-critical-console-errors-chromium/error-context.md]]
]]>
</system-out>
</testcase>
</testsuite>
<testsuite name="phase3-enhanced.spec.ts" timestamp="2026-01-23T16:14:58.082Z" hostname="chromium" tests="10" failures="1" skipped="0" time="51.83" errors="0">
<testcase name="Phase 3: Enhanced User Journeys › Accessibility Compliance › keyboard navigation works throughout app" classname="phase3-enhanced.spec.ts" time="6.741">
<failure message="phase3-enhanced.spec.ts:10:5 keyboard navigation works throughout app" type="FAILURE">
<![CDATA[  [chromium] › phase3-enhanced.spec.ts:10:5 › Phase 3: Enhanced User Journeys › Accessibility Compliance › keyboard navigation works throughout app 

    Error: expect(received).toContain(expected) // indexOf

    Expected value: "select"
    Received array: ["input", "button", "a"]

      22 |       });
      23 |       
    > 24 |       expect(['input', 'button', 'a']).toContain(focusedElement);
         |                                        ^
      25 |     });
      26 |
      27 |     test('all images have alt text', async ({ page }) => {
        at /Users/mchand69/Documents/perundhu/frontend/tests/e2e/phase3-enhanced.spec.ts:24:40

    attachment #1: screenshot (image/png) ──────────────────────────────────────────────────────────
    ../../test-results/phase3-enhanced-Phase-3-En-af0d6-gation-works-throughout-app-chromium/test-failed-1.png
    ────────────────────────────────────────────────────────────────────────────────────────────────

    attachment #2: video (video/webm) ──────────────────────────────────────────────────────────────
    ../../test-results/phase3-enhanced-Phase-3-En-af0d6-gation-works-throughout-app-chromium/video.webm
    ────────────────────────────────────────────────────────────────────────────────────────────────

    Error Context: ../../test-results/phase3-enhanced-Phase-3-En-af0d6-gation-works-throughout-app-chromium/error-context.md
]]>
</failure>
<system-out>
<![CDATA[
[[ATTACHMENT|phase3-enhanced-Phase-3-En-af0d6-gation-works-throughout-app-chromium/test-failed-1.png]]

[[ATTACHMENT|phase3-enhanced-Phase-3-En-af0d6-gation-works-throughout-app-chromium/video.webm]]

[[ATTACHMENT|phase3-enhanced-Phase-3-En-af0d6-gation-works-throughout-app-chromium/error-context.md]]
]]>
</system-out>
</testcase>
<testcase name="Phase 3: Enhanced User Journeys › Accessibility Compliance › all images have alt text" classname="phase3-enhanced.spec.ts" time="6.454">
</testcase>
<testcase name="Phase 3: Enhanced User Journeys › Accessibility Compliance › buttons have accessible labels" classname="phase3-enhanced.spec.ts" time="3.326">
</testcase>
<testcase name="Phase 3: Enhanced User Journeys › Accessibility Compliance › proper heading hierarchy" classname="phase3-enhanced.spec.ts" time="3.396">
</testcase>
<testcase name="Phase 3: Enhanced User Journeys › Performance Metrics › page loads within performance budget" classname="phase3-enhanced.spec.ts" time="2.434">
</testcase>
<testcase name="Phase 3: Enhanced User Journeys › Performance Metrics › lazy loading works for routes" classname="phase3-enhanced.spec.ts" time="4.442">
</testcase>
<testcase name="Phase 3: Enhanced User Journeys › Error Boundaries › app remains functional after component error" classname="phase3-enhanced.spec.ts" time="2.448">
</testcase>
<testcase name="Phase 3: Enhanced User Journeys › Mobile Experience › touch targets are at least 44x44 pixels" classname="phase3-enhanced.spec.ts" time="2.069">
</testcase>
<testcase name="Phase 3: Enhanced User Journeys › Mobile Experience › viewport meta tag is set correctly" classname="phase3-enhanced.spec.ts" time="4.321">
</testcase>
<testcase name="Phase 3: Enhanced User Journeys › Network Resilience › handles offline mode gracefully" classname="phase3-enhanced.spec.ts" time="16.199">
</testcase>
</testsuite>
<testsuite name="search-flow.spec.ts" timestamp="2026-01-23T16:14:58.082Z" hostname="chromium" tests="6" failures="0" skipped="0" time="14.102" errors="0">
<testcase name="Search and Results Flow › should display search form on homepage" classname="search-flow.spec.ts" time="1.78">
</testcase>
<testcase name="Search and Results Flow › should allow typing in search inputs" classname="search-flow.spec.ts" time="2.012">
</testcase>
<testcase name="Search and Results Flow › should show location suggestions when typing" classname="search-flow.spec.ts" time="3.241">
</testcase>
<testcase name="Search and Results Flow › should handle empty search gracefully" classname="search-flow.spec.ts" time="2.334">
</testcase>
<testcase name="Search and Results Flow › should work on mobile viewport" classname="search-flow.spec.ts" time="2.786">
</testcase>
<testcase name="Search and Results Flow › should preserve search inputs when navigating" classname="search-flow.spec.ts" time="1.949">
</testcase>
</testsuite>
<testsuite name="simple.spec.ts" timestamp="2026-01-23T16:14:58.082Z" hostname="chromium" tests="4" failures="0" skipped="0" time="14.516" errors="0">
<testcase name="Simple E2E Tests › page loads successfully" classname="simple.spec.ts" time="1.833">
</testcase>
<testcase name="Simple E2E Tests › search inputs are visible" classname="simple.spec.ts" time="3.297">
</testcase>
<testcase name="Simple E2E Tests › can type in search inputs" classname="simple.spec.ts" time="4.759">
</testcase>
<testcase name="Simple E2E Tests › works on mobile viewport" classname="simple.spec.ts" time="4.627">
</testcase>
</testsuite>
<testsuite name="smoke.spec.ts" timestamp="2026-01-23T16:14:58.082Z" hostname="chromium" tests="3" failures="0" skipped="0" time="13.375" errors="0">
<testcase name="Basic Smoke Tests › should load the homepage" classname="smoke.spec.ts" time="4.797">
<system-out>
<![CDATA[✅ Homepage loaded successfully
]]>
</system-out>
</testcase>
<testcase name="Basic Smoke Tests › should be responsive on mobile" classname="smoke.spec.ts" time="3.217">
<system-out>
<![CDATA[✅ Mobile responsiveness verified
]]>
</system-out>
</testcase>
<testcase name="Basic Smoke Tests › should work across different browsers" classname="smoke.spec.ts" time="5.361">
<system-out>
<![CDATA[✅ Working correctly in chromium
]]>
</system-out>
</testcase>
</testsuite>
<testsuite name="user-journey/01-bus-search.spec.ts" timestamp="2026-01-23T16:14:58.082Z" hostname="chromium" tests="11" failures="0" skipped="0" time="113.521" errors="0">
<testcase name="Bus Search &amp; Schedule Lookup › 1.1 Basic Bus Search › TC-U1.1.1: Search for buses between two Tamil Nadu locations" classname="user-journey/01-bus-search.spec.ts" time="8.934">
</testcase>
<testcase name="Bus Search &amp; Schedule Lookup › 1.1 Basic Bus Search › TC-U1.1.2: Search with same source and destination" classname="user-journey/01-bus-search.spec.ts" time="8.344">
</testcase>
<testcase name="Bus Search &amp; Schedule Lookup › 1.1 Basic Bus Search › TC-U1.1.3: Search with invalid location" classname="user-journey/01-bus-search.spec.ts" time="17.096">
</testcase>
<testcase name="Bus Search &amp; Schedule Lookup › 1.1 Basic Bus Search › TC-U1.1.4: Clear search filters and start fresh" classname="user-journey/01-bus-search.spec.ts" time="9.223">
</testcase>
<testcase name="Bus Search &amp; Schedule Lookup › 1.2 Location Autocomplete › TC-U1.2.1: Type location name and select from suggestions" classname="user-journey/01-bus-search.spec.ts" time="9.744">
</testcase>
<testcase name="Bus Search &amp; Schedule Lookup › 1.2 Location Autocomplete › TC-U1.2.2: Autocomplete with partial text" classname="user-journey/01-bus-search.spec.ts" time="8.136">
</testcase>
<testcase name="Bus Search &amp; Schedule Lookup › 1.2 Location Autocomplete › TC-U1.2.3: Autocomplete with special characters (Tamil)" classname="user-journey/01-bus-search.spec.ts" time="7.934">
</testcase>
<testcase name="Bus Search &amp; Schedule Lookup › 1.2 Location Autocomplete › TC-U1.2.4: Clear location field" classname="user-journey/01-bus-search.spec.ts" time="10.944">
</testcase>
<testcase name="Bus Search &amp; Schedule Lookup › 1.3 Bus Schedule Display › TC-U1.3.1: View bus card with all details" classname="user-journey/01-bus-search.spec.ts" time="12.405">
</testcase>
<testcase name="Bus Search &amp; Schedule Lookup › 1.3 Bus Schedule Display › TC-U1.3.2: View stop-by-stop route details" classname="user-journey/01-bus-search.spec.ts" time="10.018">
</testcase>
<testcase name="Bus Search &amp; Schedule Lookup › 1.3 Bus Schedule Display › TC-U1.3.3: Multiple results sorting/filtering" classname="user-journey/01-bus-search.spec.ts" time="10.743">
</testcase>
</testsuite>
<testsuite name="user-journey/02-bus-tracking.spec.ts" timestamp="2026-01-23T16:14:58.082Z" hostname="chromium" tests="6" failures="0" skipped="0" time="69.933" errors="0">
<testcase name="Bus Tracking (Real-Time Location) › 2.1 Live Bus Location Tracking › TC-U2.1.1: View live bus position on map" classname="user-journey/02-bus-tracking.spec.ts" time="8.411">
</testcase>
<testcase name="Bus Tracking (Real-Time Location) › 2.1 Live Bus Location Tracking › TC-U2.1.2: Bus not running (offline)" classname="user-journey/02-bus-tracking.spec.ts" time="8.07">
</testcase>
<testcase name="Bus Tracking (Real-Time Location) › 2.1 Live Bus Location Tracking › TC-U2.1.3: Map zoom and pan" classname="user-journey/02-bus-tracking.spec.ts" time="10.037">
</testcase>
<testcase name="Bus Tracking (Real-Time Location) › 2.1 Live Bus Location Tracking › TC-U2.1.4: View next stops on tracking screen" classname="user-journey/02-bus-tracking.spec.ts" time="18.765">
</testcase>
<testcase name="Bus Tracking (Real-Time Location) › 2.2 Route Visualization › TC-U2.2.1: View entire route on map" classname="user-journey/02-bus-tracking.spec.ts" time="7.536">
</testcase>
<testcase name="Bus Tracking (Real-Time Location) › 2.2 Route Visualization › TC-U2.2.2: Stop markers on route" classname="user-journey/02-bus-tracking.spec.ts" time="17.114">
</testcase>
</testsuite>
<testsuite name="user-journey/03-user-authentication.spec.ts" timestamp="2026-01-23T16:14:58.082Z" hostname="chromium" tests="12" failures="0" skipped="12" time="0" errors="0">
<testcase name="User Authentication &amp; Profiles › 3.1 User Registration › TC-U3.1.1: Register with valid email and password" classname="user-journey/03-user-authentication.spec.ts" time="0">
<properties>
<property name="skip" value="">
</property>
</properties>
<skipped>
</skipped>
</testcase>
<testcase name="User Authentication &amp; Profiles › 3.1 User Registration › TC-U3.1.2: Register with invalid email format" classname="user-journey/03-user-authentication.spec.ts" time="0">
<properties>
<property name="skip" value="">
</property>
</properties>
<skipped>
</skipped>
</testcase>
<testcase name="User Authentication &amp; Profiles › 3.1 User Registration › TC-U3.1.3: Register with weak password" classname="user-journey/03-user-authentication.spec.ts" time="0">
<properties>
<property name="skip" value="">
</property>
</properties>
<skipped>
</skipped>
</testcase>
<testcase name="User Authentication &amp; Profiles › 3.1 User Registration › TC-U3.1.4: Register with existing email" classname="user-journey/03-user-authentication.spec.ts" time="0">
<properties>
<property name="skip" value="">
</property>
</properties>
<skipped>
</skipped>
</testcase>
<testcase name="User Authentication &amp; Profiles › 3.2 User Login › TC-U3.2.1: Login with correct credentials" classname="user-journey/03-user-authentication.spec.ts" time="0">
<properties>
<property name="skip" value="">
</property>
</properties>
<skipped>
</skipped>
</testcase>
<testcase name="User Authentication &amp; Profiles › 3.2 User Login › TC-U3.2.2: Login with incorrect password" classname="user-journey/03-user-authentication.spec.ts" time="0">
<properties>
<property name="skip" value="">
</property>
</properties>
<skipped>
</skipped>
</testcase>
<testcase name="User Authentication &amp; Profiles › 3.2 User Login › TC-U3.2.3: Login with non-existent email" classname="user-journey/03-user-authentication.spec.ts" time="0">
<properties>
<property name="skip" value="">
</property>
</properties>
<skipped>
</skipped>
</testcase>
<testcase name="User Authentication &amp; Profiles › 3.2 User Login › TC-U3.2.4: Remember me functionality" classname="user-journey/03-user-authentication.spec.ts" time="0">
<properties>
<property name="skip" value="">
</property>
</properties>
<skipped>
</skipped>
</testcase>
<testcase name="User Authentication &amp; Profiles › 3.3 User Profile › TC-U3.3.1: View user profile details" classname="user-journey/03-user-authentication.spec.ts" time="0">
<properties>
<property name="skip" value="">
</property>
</properties>
<skipped>
</skipped>
</testcase>
<testcase name="User Authentication &amp; Profiles › 3.3 User Profile › TC-U3.3.2: Edit profile information" classname="user-journey/03-user-authentication.spec.ts" time="0">
<properties>
<property name="skip" value="">
</property>
</properties>
<skipped>
</skipped>
</testcase>
<testcase name="User Authentication &amp; Profiles › 3.3 User Profile › TC-U3.3.3: Change password" classname="user-journey/03-user-authentication.spec.ts" time="0">
<properties>
<property name="skip" value="">
</property>
</properties>
<skipped>
</skipped>
</testcase>
<testcase name="User Authentication &amp; Profiles › 3.3 User Profile › TC-U3.3.4: Logout functionality" classname="user-journey/03-user-authentication.spec.ts" time="0">
<properties>
<property name="skip" value="">
</property>
</properties>
<skipped>
</skipped>
</testcase>
</testsuite>
<testsuite name="user-journey/04-user-contributions.spec.ts" timestamp="2026-01-23T16:14:58.082Z" hostname="chromium" tests="12" failures="0" skipped="0" time="137.765" errors="0">
<testcase name="User Contributions › 4.1 Route Contribution (Manual) › TC-U4.1.1: Submit new bus route manually" classname="user-journey/04-user-contributions.spec.ts" time="15.756">
</testcase>
<testcase name="User Contributions › 4.1 Route Contribution (Manual) › TC-U4.1.2: Add bus stops to route" classname="user-journey/04-user-contributions.spec.ts" time="17.54">
</testcase>
<testcase name="User Contributions › 4.1 Route Contribution (Manual) › TC-U4.1.3: Submit with incomplete information" classname="user-journey/04-user-contributions.spec.ts" time="15.422">
</testcase>
<testcase name="User Contributions › 4.1 Route Contribution (Manual) › TC-U4.1.4: Cancel contribution" classname="user-journey/04-user-contributions.spec.ts" time="14.856">
</testcase>
<testcase name="User Contributions › 4.2 Image Contribution › TC-U4.2.1: Upload bus stop image" classname="user-journey/04-user-contributions.spec.ts" time="10.36">
</testcase>
<testcase name="User Contributions › 4.2 Image Contribution › TC-U4.2.4: Cancel image upload" classname="user-journey/04-user-contributions.spec.ts" time="9.396">
</testcase>
<testcase name="User Contributions › 4.3 Voice/OCR Contribution (Advanced) › TC-U4.3.1: Record voice contribution" classname="user-journey/04-user-contributions.spec.ts" time="10.873">
</testcase>
<testcase name="User Contributions › 4.3 Voice/OCR Contribution (Advanced) › TC-U4.3.2: Deny microphone permission" classname="user-journey/04-user-contributions.spec.ts" time="8.656">
</testcase>
<testcase name="User Contributions › 4.4 Contribution Status Tracking › TC-U4.4.1: View all user contributions" classname="user-journey/04-user-contributions.spec.ts" time="7.736">
</testcase>
<testcase name="User Contributions › 4.4 Contribution Status Tracking › TC-U4.4.2: View contribution details" classname="user-journey/04-user-contributions.spec.ts" time="10.297">
</testcase>
<testcase name="User Contributions › 4.4 Contribution Status Tracking › TC-U4.4.3: Contribution approval notification" classname="user-journey/04-user-contributions.spec.ts" time="8.389">
</testcase>
<testcase name="User Contributions › 4.4 Contribution Status Tracking › TC-U4.4.4: Contribution rejection with reason" classname="user-journey/04-user-contributions.spec.ts" time="8.484">
</testcase>
</testsuite>
<testsuite name="user-journey/05-reviews-ratings.spec.ts" timestamp="2026-01-23T16:14:58.082Z" hostname="chromium" tests="9" failures="0" skipped="0" time="77.427" errors="0">
<testcase name="Reviews &amp; Ratings › 5.1 Submit Bus Review › TC-U5.1.1: Leave review with rating and comment" classname="user-journey/05-reviews-ratings.spec.ts" time="7.247">
</testcase>
<testcase name="Reviews &amp; Ratings › 5.1 Submit Bus Review › TC-U5.1.2: Review with only rating (no comment)" classname="user-journey/05-reviews-ratings.spec.ts" time="7.095">
</testcase>
<testcase name="Reviews &amp; Ratings › 5.1 Submit Bus Review › TC-U5.1.3: Review with only comment (no rating)" classname="user-journey/05-reviews-ratings.spec.ts" time="7.551">
</testcase>
<testcase name="Reviews &amp; Ratings › 5.1 Submit Bus Review › TC-U5.1.4: Submit profanity/spam review" classname="user-journey/05-reviews-ratings.spec.ts" time="8.881">
</testcase>
<testcase name="Reviews &amp; Ratings › 5.2 View Reviews › TC-U5.2.1: View all reviews for a bus" classname="user-journey/05-reviews-ratings.spec.ts" time="10.293">
</testcase>
<testcase name="Reviews &amp; Ratings › 5.2 View Reviews › TC-U5.2.2: Filter reviews by rating" classname="user-journey/05-reviews-ratings.spec.ts" time="8.776">
</testcase>
<testcase name="Reviews &amp; Ratings › 5.2 View Reviews › TC-U5.2.3: View review helpfulness" classname="user-journey/05-reviews-ratings.spec.ts" time="9.405">
</testcase>
<testcase name="Reviews &amp; Ratings › 5.3 Edit/Delete Own Review › TC-U5.3.1: Edit own review" classname="user-journey/05-reviews-ratings.spec.ts" time="9.24">
</testcase>
<testcase name="Reviews &amp; Ratings › 5.3 Edit/Delete Own Review › TC-U5.3.2: Delete own review" classname="user-journey/05-reviews-ratings.spec.ts" time="8.939">
</testcase>
</testsuite>
<testsuite name="user-journey/06-settings-preferences.spec.ts" timestamp="2026-01-23T16:14:58.082Z" hostname="chromium" tests="9" failures="0" skipped="0" time="77.205" errors="0">
<testcase name="Settings &amp; Preferences › 9.1 Language Selection › TC-U9.1.1: Switch language from English to Tamil" classname="user-journey/06-settings-preferences.spec.ts" time="10.909">
</testcase>
<testcase name="Settings &amp; Preferences › 9.1 Language Selection › TC-U9.1.2: Tamil keyboard input" classname="user-journey/06-settings-preferences.spec.ts" time="11.649">
</testcase>
<testcase name="Settings &amp; Preferences › 9.2 Theme Selection › TC-U9.2.1: Switch to dark mode" classname="user-journey/06-settings-preferences.spec.ts" time="8.633">
</testcase>
<testcase name="Settings &amp; Preferences › 9.2 Theme Selection › TC-U9.2.2: Theme persistence" classname="user-journey/06-settings-preferences.spec.ts" time="8.481">
</testcase>
<testcase name="Settings &amp; Preferences › 9.3 Notification Settings › TC-U9.3.1: Enable/disable notifications" classname="user-journey/06-settings-preferences.spec.ts" time="8.479">
</testcase>
<testcase name="Settings &amp; Preferences › Additional Settings › TC-U9.4.1: View all settings categories" classname="user-journey/06-settings-preferences.spec.ts" time="8.551">
</testcase>
<testcase name="Settings &amp; Preferences › Additional Settings › TC-U9.4.2: Save settings changes" classname="user-journey/06-settings-preferences.spec.ts" time="6.864">
</testcase>
<testcase name="Settings &amp; Preferences › Additional Settings › TC-U9.4.3: Reset settings to default" classname="user-journey/06-settings-preferences.spec.ts" time="5.256">
</testcase>
<testcase name="Settings &amp; Preferences › Additional Settings › TC-U9.4.4: Access settings from different pages" classname="user-journey/06-settings-preferences.spec.ts" time="8.383">
</testcase>
</testsuite>
<testsuite name="user-journey/07-integration-tests.spec.ts" timestamp="2026-01-23T16:14:58.082Z" hostname="chromium" tests="8" failures="0" skipped="4" time="34.195" errors="0">
<testcase name="Cross-Module Integration Tests › Integration Test 1: End-to-End Contribution Flow › User submits route → Admin approves → Route appears in search" classname="user-journey/07-integration-tests.spec.ts" time="0">
<properties>
<property name="skip" value="">
</property>
</properties>
<skipped>
</skipped>
</testcase>
<testcase name="Cross-Module Integration Tests › Integration Test 2: Review Visibility Across Modules › User leaves review → Appears in bus details → Appears in user profile → Appears in analytics" classname="user-journey/07-integration-tests.spec.ts" time="0">
<properties>
<property name="skip" value="">
</property>
</properties>
<skipped>
</skipped>
</testcase>
<testcase name="Cross-Module Integration Tests › Integration Test 3: Search to Tracking Flow › User searches bus → Views details → Tracks live location → Views stop details" classname="user-journey/07-integration-tests.spec.ts" time="8.692">
</testcase>
<testcase name="Cross-Module Integration Tests › Integration Test 4: Authentication State Persistence › User logs in → Navigates between pages → Session persists → Logout works" classname="user-journey/07-integration-tests.spec.ts" time="0">
<properties>
<property name="skip" value="">
</property>
</properties>
<skipped>
</skipped>
</testcase>
<testcase name="Cross-Module Integration Tests › Integration Test 5: Notification System › Multiple events trigger notifications → User receives all notifications" classname="user-journey/07-integration-tests.spec.ts" time="0">
<properties>
<property name="skip" value="">
</property>
</properties>
<skipped>
</skipped>
</testcase>
<testcase name="Cross-Module Integration Tests › Integration Test 6: Mobile Responsiveness › All features work on mobile viewport" classname="user-journey/07-integration-tests.spec.ts" time="4.752">
</testcase>
<testcase name="Cross-Module Integration Tests › Integration Test 7: Performance and Load › App loads quickly and handles rapid interactions" classname="user-journey/07-integration-tests.spec.ts" time="11.205">
</testcase>
<testcase name="Cross-Module Integration Tests › Integration Test 8: Error Recovery › App recovers gracefully from errors" classname="user-journey/07-integration-tests.spec.ts" time="9.546">
</testcase>
</testsuite>
<testsuite name="working-e2e.spec.ts" timestamp="2026-01-23T16:14:58.082Z" hostname="chromium" tests="5" failures="1" skipped="1" time="37.682" errors="0">
<testcase name="Working E2E Tests › should load the page and show search inputs" classname="working-e2e.spec.ts" time="8.304">
</testcase>
<testcase name="Working E2E Tests › should allow typing in search inputs" classname="working-e2e.spec.ts" time="9.091">
</testcase>
<testcase name="Working E2E Tests › should work on mobile viewport" classname="working-e2e.spec.ts" time="7.287">
</testcase>
<testcase name="Working E2E Tests › should handle keyboard navigation" classname="working-e2e.spec.ts" time="10.097">
<skipped>
</skipped>
</testcase>
<testcase name="Working E2E Tests › should display page without errors" classname="working-e2e.spec.ts" time="2.903">
<failure message="working-e2e.spec.ts:63:3 should display page without errors" type="FAILURE">
<![CDATA[  [chromium] › working-e2e.spec.ts:63:3 › Working E2E Tests › should display page without errors ───

    Error: expect(received).toBe(expected) // Object.is equality

    Expected: 0
    Received: 9

      79 |     );
      80 |     
    > 81 |     expect(criticalErrors.length).toBe(0);
         |                                   ^
      82 |   });
      83 | });
        at /Users/mchand69/Documents/perundhu/frontend/tests/e2e/working-e2e.spec.ts:81:35

    attachment #1: screenshot (image/png) ──────────────────────────────────────────────────────────
    ../../test-results/working-e2e-Working-E2E-Te-7820d-display-page-without-errors-chromium/test-failed-1.png
    ────────────────────────────────────────────────────────────────────────────────────────────────

    attachment #2: video (video/webm) ──────────────────────────────────────────────────────────────
    ../../test-results/working-e2e-Working-E2E-Te-7820d-display-page-without-errors-chromium/video.webm
    ────────────────────────────────────────────────────────────────────────────────────────────────

    Error Context: ../../test-results/working-e2e-Working-E2E-Te-7820d-display-page-without-errors-chromium/error-context.md
]]>
</failure>
<system-out>
<![CDATA[
[[ATTACHMENT|working-e2e-Working-E2E-Te-7820d-display-page-without-errors-chromium/test-failed-1.png]]

[[ATTACHMENT|working-e2e-Working-E2E-Te-7820d-display-page-without-errors-chromium/video.webm]]

[[ATTACHMENT|working-e2e-Working-E2E-Te-7820d-display-page-without-errors-chromium/error-context.md]]
]]>
</system-out>
</testcase>
</testsuite>
</testsuites>